Inicio del proceso de asignación de tareas
Matriz de costos:
[[9 2 7 8]
 [6 4 3 7]
 [5 8 1 8]
 [7 6 9 4]]
Inicio de la búsqueda por Poda y Ramificación ⚙️
Generacion de estados: Cantidad de estados: 0 - Asignacion: [], Costo Actual: 0
Generacion de estados: Cantidad de estados: 1 - Asignacion: [0], Costo Actual: 9
Generacion de estados: Cantidad de estados: 2 - Asignacion: [0, 1], Costo Actual: 13
Generacion de estados: Cantidad de estados: 3 - Asignacion: [0, 1, 2], Costo Actual: 14
Generacion de estados: Cantidad de estados: 4 - Asignacion: [0, 1, 2, 3], Costo Actual: 18
Encontré una asignación completa: [0, 1, 2, 3]
Costo de la asignación: 18
Mejor costo hasta el momento: 18 ✅
Generacion de estados: Cantidad de estados: 2 - Asignacion: [0, 2], Costo Actual: 12
Generacion de estados: Cantidad de estados: 2 - Asignacion: [0, 3], Costo Actual: 16
Generacion de estados: Cantidad de estados: 3 - Asignacion: [0, 3, 2], Costo Actual: 17
Generacion de estados: Cantidad de estados: 1 - Asignacion: [1], Costo Actual: 2
Generacion de estados: Cantidad de estados: 2 - Asignacion: [1, 0], Costo Actual: 8
Generacion de estados: Cantidad de estados: 3 - Asignacion: [1, 0, 2], Costo Actual: 9
Generacion de estados: Cantidad de estados: 4 - Asignacion: [1, 0, 2, 3], Costo Actual: 13
Encontré una asignación completa: [1, 0, 2, 3]
Costo de la asignación: 13
Mejor costo hasta el momento: 13 ✅
Generacion de estados: Cantidad de estados: 2 - Asignacion: [1, 2], Costo Actual: 5
Generacion de estados: Cantidad de estados: 3 - Asignacion: [1, 2, 0], Costo Actual: 10
Generacion de estados: Cantidad de estados: 2 - Asignacion: [1, 3], Costo Actual: 9
Generacion de estados: Cantidad de estados: 3 - Asignacion: [1, 3, 2], Costo Actual: 10
Generacion de estados: Cantidad de estados: 1 - Asignacion: [2], Costo Actual: 7
Generacion de estados: Cantidad de estados: 2 - Asignacion: [2, 1], Costo Actual: 11
Generacion de estados: Cantidad de estados: 1 - Asignacion: [3], Costo Actual: 8
Generacion de estados: Cantidad de estados: 2 - Asignacion: [3, 1], Costo Actual: 12
Generacion de estados: Cantidad de estados: 2 - Asignacion: [3, 2], Costo Actual: 11
Fin de la búsqueda por Poda y Ramificación

Resultados de la búsqueda por Poda y Ramificación ⚙️
Mejor asignación: [1, 0, 2, 3]
Mejor costo: 13
Número de iteraciones en Poda y Ramificación: 21



Inicio de la búsqueda por Amplitud
Generacion de estados: Cantidad de estados: 0 - Asignacion: [], Costo Actual: 0
Generacion de estados: Cantidad de estados: 1 - Asignacion: [0], Costo Actual: 9
Generacion de estados: Cantidad de estados: 1 - Asignacion: [1], Costo Actual: 2
Generacion de estados: Cantidad de estados: 1 - Asignacion: [2], Costo Actual: 7
Generacion de estados: Cantidad de estados: 1 - Asignacion: [3], Costo Actual: 8
Generacion de estados: Cantidad de estados: 2 - Asignacion: [0, 1], Costo Actual: 13
Generacion de estados: Cantidad de estados: 2 - Asignacion: [0, 2], Costo Actual: 12
Generacion de estados: Cantidad de estados: 2 - Asignacion: [0, 3], Costo Actual: 16
Generacion de estados: Cantidad de estados: 2 - Asignacion: [1, 0], Costo Actual: 8
Generacion de estados: Cantidad de estados: 2 - Asignacion: [1, 2], Costo Actual: 5
Generacion de estados: Cantidad de estados: 2 - Asignacion: [1, 3], Costo Actual: 9
Generacion de estados: Cantidad de estados: 2 - Asignacion: [2, 0], Costo Actual: 13
Generacion de estados: Cantidad de estados: 2 - Asignacion: [2, 1], Costo Actual: 11
Generacion de estados: Cantidad de estados: 2 - Asignacion: [2, 3], Costo Actual: 14
Generacion de estados: Cantidad de estados: 2 - Asignacion: [3, 0], Costo Actual: 14
Generacion de estados: Cantidad de estados: 2 - Asignacion: [3, 1], Costo Actual: 12
Generacion de estados: Cantidad de estados: 2 - Asignacion: [3, 2], Costo Actual: 11
Generacion de estados: Cantidad de estados: 3 - Asignacion: [0, 1, 2], Costo Actual: 14
Generacion de estados: Cantidad de estados: 3 - Asignacion: [0, 1, 3], Costo Actual: 21
Generacion de estados: Cantidad de estados: 3 - Asignacion: [0, 2, 1], Costo Actual: 20
Generacion de estados: Cantidad de estados: 3 - Asignacion: [0, 2, 3], Costo Actual: 20
Generacion de estados: Cantidad de estados: 3 - Asignacion: [0, 3, 1], Costo Actual: 24
Generacion de estados: Cantidad de estados: 3 - Asignacion: [0, 3, 2], Costo Actual: 17
Generacion de estados: Cantidad de estados: 3 - Asignacion: [1, 0, 2], Costo Actual: 9
Generacion de estados: Cantidad de estados: 3 - Asignacion: [1, 0, 3], Costo Actual: 16
Generacion de estados: Cantidad de estados: 3 - Asignacion: [1, 2, 0], Costo Actual: 10
Generacion de estados: Cantidad de estados: 3 - Asignacion: [1, 2, 3], Costo Actual: 13
Generacion de estados: Cantidad de estados: 3 - Asignacion: [1, 3, 0], Costo Actual: 14
Generacion de estados: Cantidad de estados: 3 - Asignacion: [1, 3, 2], Costo Actual: 10
Generacion de estados: Cantidad de estados: 3 - Asignacion: [2, 0, 1], Costo Actual: 21
Generacion de estados: Cantidad de estados: 3 - Asignacion: [2, 0, 3], Costo Actual: 21
Generacion de estados: Cantidad de estados: 3 - Asignacion: [2, 1, 0], Costo Actual: 16
Generacion de estados: Cantidad de estados: 3 - Asignacion: [2, 1, 3], Costo Actual: 19
Generacion de estados: Cantidad de estados: 3 - Asignacion: [2, 3, 0], Costo Actual: 19
Generacion de estados: Cantidad de estados: 3 - Asignacion: [2, 3, 1], Costo Actual: 22
Generacion de estados: Cantidad de estados: 3 - Asignacion: [3, 0, 1], Costo Actual: 22
Generacion de estados: Cantidad de estados: 3 - Asignacion: [3, 0, 2], Costo Actual: 15
Generacion de estados: Cantidad de estados: 3 - Asignacion: [3, 1, 0], Costo Actual: 17
Generacion de estados: Cantidad de estados: 3 - Asignacion: [3, 1, 2], Costo Actual: 13
Generacion de estados: Cantidad de estados: 3 - Asignacion: [3, 2, 0], Costo Actual: 16
Generacion de estados: Cantidad de estados: 3 - Asignacion: [3, 2, 1], Costo Actual: 19
Generacion de estados: Cantidad de estados: 4 - Asignacion: [0, 1, 2, 3], Costo Actual: 18
Encontré una asignación completa: [0, 1, 2, 3]
Costo de la asignación: 18
Mejor costo hasta el momento: 18 ✅
Generacion de estados: Cantidad de estados: 4 - Asignacion: [0, 1, 3, 2], Costo Actual: 30
Encontré una asignación completa: [0, 1, 3, 2]
Costo de la asignación: 30
Generacion de estados: Cantidad de estados: 4 - Asignacion: [0, 2, 1, 3], Costo Actual: 24
Encontré una asignación completa: [0, 2, 1, 3]
Costo de la asignación: 24
Generacion de estados: Cantidad de estados: 4 - Asignacion: [0, 2, 3, 1], Costo Actual: 26
Encontré una asignación completa: [0, 2, 3, 1]
Costo de la asignación: 26
Generacion de estados: Cantidad de estados: 4 - Asignacion: [0, 3, 1, 2], Costo Actual: 33
Encontré una asignación completa: [0, 3, 1, 2]
Costo de la asignación: 33
Generacion de estados: Cantidad de estados: 4 - Asignacion: [0, 3, 2, 1], Costo Actual: 23
Encontré una asignación completa: [0, 3, 2, 1]
Costo de la asignación: 23
Generacion de estados: Cantidad de estados: 4 - Asignacion: [1, 0, 2, 3], Costo Actual: 13
Encontré una asignación completa: [1, 0, 2, 3]
Costo de la asignación: 13
Mejor costo hasta el momento: 13 ✅
Generacion de estados: Cantidad de estados: 4 - Asignacion: [1, 0, 3, 2], Costo Actual: 25
Encontré una asignación completa: [1, 0, 3, 2]
Costo de la asignación: 25
Generacion de estados: Cantidad de estados: 4 - Asignacion: [1, 2, 0, 3], Costo Actual: 14
Encontré una asignación completa: [1, 2, 0, 3]
Costo de la asignación: 14
Generacion de estados: Cantidad de estados: 4 - Asignacion: [1, 2, 3, 0], Costo Actual: 20
Encontré una asignación completa: [1, 2, 3, 0]
Costo de la asignación: 20
Generacion de estados: Cantidad de estados: 4 - Asignacion: [1, 3, 0, 2], Costo Actual: 23
Encontré una asignación completa: [1, 3, 0, 2]
Costo de la asignación: 23
Generacion de estados: Cantidad de estados: 4 - Asignacion: [1, 3, 2, 0], Costo Actual: 17
Encontré una asignación completa: [1, 3, 2, 0]
Costo de la asignación: 17
Generacion de estados: Cantidad de estados: 4 - Asignacion: [2, 0, 1, 3], Costo Actual: 25
Encontré una asignación completa: [2, 0, 1, 3]
Costo de la asignación: 25
Generacion de estados: Cantidad de estados: 4 - Asignacion: [2, 0, 3, 1], Costo Actual: 27
Encontré una asignación completa: [2, 0, 3, 1]
Costo de la asignación: 27
Generacion de estados: Cantidad de estados: 4 - Asignacion: [2, 1, 0, 3], Costo Actual: 20
Encontré una asignación completa: [2, 1, 0, 3]
Costo de la asignación: 20
Generacion de estados: Cantidad de estados: 4 - Asignacion: [2, 1, 3, 0], Costo Actual: 26
Encontré una asignación completa: [2, 1, 3, 0]
Costo de la asignación: 26
Generacion de estados: Cantidad de estados: 4 - Asignacion: [2, 3, 0, 1], Costo Actual: 25
Encontré una asignación completa: [2, 3, 0, 1]
Costo de la asignación: 25
Generacion de estados: Cantidad de estados: 4 - Asignacion: [2, 3, 1, 0], Costo Actual: 29
Encontré una asignación completa: [2, 3, 1, 0]
Costo de la asignación: 29
Generacion de estados: Cantidad de estados: 4 - Asignacion: [3, 0, 1, 2], Costo Actual: 31
Encontré una asignación completa: [3, 0, 1, 2]
Costo de la asignación: 31
Generacion de estados: Cantidad de estados: 4 - Asignacion: [3, 0, 2, 1], Costo Actual: 21
Encontré una asignación completa: [3, 0, 2, 1]
Costo de la asignación: 21
Generacion de estados: Cantidad de estados: 4 - Asignacion: [3, 1, 0, 2], Costo Actual: 26
Encontré una asignación completa: [3, 1, 0, 2]
Costo de la asignación: 26
Generacion de estados: Cantidad de estados: 4 - Asignacion: [3, 1, 2, 0], Costo Actual: 20
Encontré una asignación completa: [3, 1, 2, 0]
Costo de la asignación: 20
Generacion de estados: Cantidad de estados: 4 - Asignacion: [3, 2, 0, 1], Costo Actual: 22
Encontré una asignación completa: [3, 2, 0, 1]
Costo de la asignación: 22
Generacion de estados: Cantidad de estados: 4 - Asignacion: [3, 2, 1, 0], Costo Actual: 26
Encontré una asignación completa: [3, 2, 1, 0]
Costo de la asignación: 26
Fin de la búsqueda por Amplitud

Resultados de la búsqueda por Amplitud
Mejor asignación en búsqueda por Amplitud: [1, 0, 2, 3]
Mejor en búsqueda por Amplitud: 13
Número de iteraciones en búsqueda por Amplitud: 65



Inicio de la búsqueda por Profundidad
Generacion de estados: Cantidad de estados: 0 - Asignacion: [], Costo Actual: 0
Explorando: Persona 0 -> Tarea 0, Costo acumulado: 9
Generacion de estados: Cantidad de estados: 1 - Asignacion: [0], Costo Actual: 9
Explorando: Persona 1 -> Tarea 1, Costo acumulado: 13
Generacion de estados: Cantidad de estados: 2 - Asignacion: [0, 1], Costo Actual: 13
Explorando: Persona 2 -> Tarea 2, Costo acumulado: 14
Generacion de estados: Cantidad de estados: 3 - Asignacion: [0, 1, 2], Costo Actual: 14
Explorando: Persona 3 -> Tarea 3, Costo acumulado: 18
Generacion de estados: Cantidad de estados: 4 - Asignacion: [0, 1, 2, 3], Costo Actual: 18
Encontré una asignación completa: [0, 1, 2, 3]
Costo de la asignación: 18
Mejor costo hasta el momento: 18 ✅
Explorando: Persona 2 -> Tarea 3, Costo acumulado: 21
Generacion de estados: Cantidad de estados: 3 - Asignacion: [0, 1, 3], Costo Actual: 21
Explorando: Persona 3 -> Tarea 2, Costo acumulado: 30
Generacion de estados: Cantidad de estados: 4 - Asignacion: [0, 1, 3, 2], Costo Actual: 30
Encontré una asignación completa: [0, 1, 3, 2]
Costo de la asignación: 30
Explorando: Persona 1 -> Tarea 2, Costo acumulado: 12
Generacion de estados: Cantidad de estados: 2 - Asignacion: [0, 2], Costo Actual: 12
Explorando: Persona 2 -> Tarea 1, Costo acumulado: 20
Generacion de estados: Cantidad de estados: 3 - Asignacion: [0, 2, 1], Costo Actual: 20
Explorando: Persona 3 -> Tarea 3, Costo acumulado: 24
Generacion de estados: Cantidad de estados: 4 - Asignacion: [0, 2, 1, 3], Costo Actual: 24
Encontré una asignación completa: [0, 2, 1, 3]
Costo de la asignación: 24
Explorando: Persona 2 -> Tarea 3, Costo acumulado: 20
Generacion de estados: Cantidad de estados: 3 - Asignacion: [0, 2, 3], Costo Actual: 20
Explorando: Persona 3 -> Tarea 1, Costo acumulado: 26
Generacion de estados: Cantidad de estados: 4 - Asignacion: [0, 2, 3, 1], Costo Actual: 26
Encontré una asignación completa: [0, 2, 3, 1]
Costo de la asignación: 26
Explorando: Persona 1 -> Tarea 3, Costo acumulado: 16
Generacion de estados: Cantidad de estados: 2 - Asignacion: [0, 3], Costo Actual: 16
Explorando: Persona 2 -> Tarea 1, Costo acumulado: 24
Generacion de estados: Cantidad de estados: 3 - Asignacion: [0, 3, 1], Costo Actual: 24
Explorando: Persona 3 -> Tarea 2, Costo acumulado: 33
Generacion de estados: Cantidad de estados: 4 - Asignacion: [0, 3, 1, 2], Costo Actual: 33
Encontré una asignación completa: [0, 3, 1, 2]
Costo de la asignación: 33
Explorando: Persona 2 -> Tarea 2, Costo acumulado: 17
Generacion de estados: Cantidad de estados: 3 - Asignacion: [0, 3, 2], Costo Actual: 17
Explorando: Persona 3 -> Tarea 1, Costo acumulado: 23
Generacion de estados: Cantidad de estados: 4 - Asignacion: [0, 3, 2, 1], Costo Actual: 23
Encontré una asignación completa: [0, 3, 2, 1]
Costo de la asignación: 23
Explorando: Persona 0 -> Tarea 1, Costo acumulado: 2
Generacion de estados: Cantidad de estados: 1 - Asignacion: [1], Costo Actual: 2
Explorando: Persona 1 -> Tarea 0, Costo acumulado: 8
Generacion de estados: Cantidad de estados: 2 - Asignacion: [1, 0], Costo Actual: 8
Explorando: Persona 2 -> Tarea 2, Costo acumulado: 9
Generacion de estados: Cantidad de estados: 3 - Asignacion: [1, 0, 2], Costo Actual: 9
Explorando: Persona 3 -> Tarea 3, Costo acumulado: 13
Generacion de estados: Cantidad de estados: 4 - Asignacion: [1, 0, 2, 3], Costo Actual: 13
Encontré una asignación completa: [1, 0, 2, 3]
Costo de la asignación: 13
Mejor costo hasta el momento: 13 ✅
Explorando: Persona 2 -> Tarea 3, Costo acumulado: 16
Generacion de estados: Cantidad de estados: 3 - Asignacion: [1, 0, 3], Costo Actual: 16
Explorando: Persona 3 -> Tarea 2, Costo acumulado: 25
Generacion de estados: Cantidad de estados: 4 - Asignacion: [1, 0, 3, 2], Costo Actual: 25
Encontré una asignación completa: [1, 0, 3, 2]
Costo de la asignación: 25
Explorando: Persona 1 -> Tarea 2, Costo acumulado: 5
Generacion de estados: Cantidad de estados: 2 - Asignacion: [1, 2], Costo Actual: 5
Explorando: Persona 2 -> Tarea 0, Costo acumulado: 10
Generacion de estados: Cantidad de estados: 3 - Asignacion: [1, 2, 0], Costo Actual: 10
Explorando: Persona 3 -> Tarea 3, Costo acumulado: 14
Generacion de estados: Cantidad de estados: 4 - Asignacion: [1, 2, 0, 3], Costo Actual: 14
Encontré una asignación completa: [1, 2, 0, 3]
Costo de la asignación: 14
Explorando: Persona 2 -> Tarea 3, Costo acumulado: 13
Generacion de estados: Cantidad de estados: 3 - Asignacion: [1, 2, 3], Costo Actual: 13
Explorando: Persona 3 -> Tarea 0, Costo acumulado: 20
Generacion de estados: Cantidad de estados: 4 - Asignacion: [1, 2, 3, 0], Costo Actual: 20
Encontré una asignación completa: [1, 2, 3, 0]
Costo de la asignación: 20
Explorando: Persona 1 -> Tarea 3, Costo acumulado: 9
Generacion de estados: Cantidad de estados: 2 - Asignacion: [1, 3], Costo Actual: 9
Explorando: Persona 2 -> Tarea 0, Costo acumulado: 14
Generacion de estados: Cantidad de estados: 3 - Asignacion: [1, 3, 0], Costo Actual: 14
Explorando: Persona 3 -> Tarea 2, Costo acumulado: 23
Generacion de estados: Cantidad de estados: 4 - Asignacion: [1, 3, 0, 2], Costo Actual: 23
Encontré una asignación completa: [1, 3, 0, 2]
Costo de la asignación: 23
Explorando: Persona 2 -> Tarea 2, Costo acumulado: 10
Generacion de estados: Cantidad de estados: 3 - Asignacion: [1, 3, 2], Costo Actual: 10
Explorando: Persona 3 -> Tarea 0, Costo acumulado: 17
Generacion de estados: Cantidad de estados: 4 - Asignacion: [1, 3, 2, 0], Costo Actual: 17
Encontré una asignación completa: [1, 3, 2, 0]
Costo de la asignación: 17
Explorando: Persona 0 -> Tarea 2, Costo acumulado: 7
Generacion de estados: Cantidad de estados: 1 - Asignacion: [2], Costo Actual: 7
Explorando: Persona 1 -> Tarea 0, Costo acumulado: 13
Generacion de estados: Cantidad de estados: 2 - Asignacion: [2, 0], Costo Actual: 13
Explorando: Persona 2 -> Tarea 1, Costo acumulado: 21
Generacion de estados: Cantidad de estados: 3 - Asignacion: [2, 0, 1], Costo Actual: 21
Explorando: Persona 3 -> Tarea 3, Costo acumulado: 25
Generacion de estados: Cantidad de estados: 4 - Asignacion: [2, 0, 1, 3], Costo Actual: 25
Encontré una asignación completa: [2, 0, 1, 3]
Costo de la asignación: 25
Explorando: Persona 2 -> Tarea 3, Costo acumulado: 21
Generacion de estados: Cantidad de estados: 3 - Asignacion: [2, 0, 3], Costo Actual: 21
Explorando: Persona 3 -> Tarea 1, Costo acumulado: 27
Generacion de estados: Cantidad de estados: 4 - Asignacion: [2, 0, 3, 1], Costo Actual: 27
Encontré una asignación completa: [2, 0, 3, 1]
Costo de la asignación: 27
Explorando: Persona 1 -> Tarea 1, Costo acumulado: 11
Generacion de estados: Cantidad de estados: 2 - Asignacion: [2, 1], Costo Actual: 11
Explorando: Persona 2 -> Tarea 0, Costo acumulado: 16
Generacion de estados: Cantidad de estados: 3 - Asignacion: [2, 1, 0], Costo Actual: 16
Explorando: Persona 3 -> Tarea 3, Costo acumulado: 20
Generacion de estados: Cantidad de estados: 4 - Asignacion: [2, 1, 0, 3], Costo Actual: 20
Encontré una asignación completa: [2, 1, 0, 3]
Costo de la asignación: 20
Explorando: Persona 2 -> Tarea 3, Costo acumulado: 19
Generacion de estados: Cantidad de estados: 3 - Asignacion: [2, 1, 3], Costo Actual: 19
Explorando: Persona 3 -> Tarea 0, Costo acumulado: 26
Generacion de estados: Cantidad de estados: 4 - Asignacion: [2, 1, 3, 0], Costo Actual: 26
Encontré una asignación completa: [2, 1, 3, 0]
Costo de la asignación: 26
Explorando: Persona 1 -> Tarea 3, Costo acumulado: 14
Generacion de estados: Cantidad de estados: 2 - Asignacion: [2, 3], Costo Actual: 14
Explorando: Persona 2 -> Tarea 0, Costo acumulado: 19
Generacion de estados: Cantidad de estados: 3 - Asignacion: [2, 3, 0], Costo Actual: 19
Explorando: Persona 3 -> Tarea 1, Costo acumulado: 25
Generacion de estados: Cantidad de estados: 4 - Asignacion: [2, 3, 0, 1], Costo Actual: 25
Encontré una asignación completa: [2, 3, 0, 1]
Costo de la asignación: 25
Explorando: Persona 2 -> Tarea 1, Costo acumulado: 22
Generacion de estados: Cantidad de estados: 3 - Asignacion: [2, 3, 1], Costo Actual: 22
Explorando: Persona 3 -> Tarea 0, Costo acumulado: 29
Generacion de estados: Cantidad de estados: 4 - Asignacion: [2, 3, 1, 0], Costo Actual: 29
Encontré una asignación completa: [2, 3, 1, 0]
Costo de la asignación: 29
Explorando: Persona 0 -> Tarea 3, Costo acumulado: 8
Generacion de estados: Cantidad de estados: 1 - Asignacion: [3], Costo Actual: 8
Explorando: Persona 1 -> Tarea 0, Costo acumulado: 14
Generacion de estados: Cantidad de estados: 2 - Asignacion: [3, 0], Costo Actual: 14
Explorando: Persona 2 -> Tarea 1, Costo acumulado: 22
Generacion de estados: Cantidad de estados: 3 - Asignacion: [3, 0, 1], Costo Actual: 22
Explorando: Persona 3 -> Tarea 2, Costo acumulado: 31
Generacion de estados: Cantidad de estados: 4 - Asignacion: [3, 0, 1, 2], Costo Actual: 31
Encontré una asignación completa: [3, 0, 1, 2]
Costo de la asignación: 31
Explorando: Persona 2 -> Tarea 2, Costo acumulado: 15
Generacion de estados: Cantidad de estados: 3 - Asignacion: [3, 0, 2], Costo Actual: 15
Explorando: Persona 3 -> Tarea 1, Costo acumulado: 21
Generacion de estados: Cantidad de estados: 4 - Asignacion: [3, 0, 2, 1], Costo Actual: 21
Encontré una asignación completa: [3, 0, 2, 1]
Costo de la asignación: 21
Explorando: Persona 1 -> Tarea 1, Costo acumulado: 12
Generacion de estados: Cantidad de estados: 2 - Asignacion: [3, 1], Costo Actual: 12
Explorando: Persona 2 -> Tarea 0, Costo acumulado: 17
Generacion de estados: Cantidad de estados: 3 - Asignacion: [3, 1, 0], Costo Actual: 17
Explorando: Persona 3 -> Tarea 2, Costo acumulado: 26
Generacion de estados: Cantidad de estados: 4 - Asignacion: [3, 1, 0, 2], Costo Actual: 26
Encontré una asignación completa: [3, 1, 0, 2]
Costo de la asignación: 26
Explorando: Persona 2 -> Tarea 2, Costo acumulado: 13
Generacion de estados: Cantidad de estados: 3 - Asignacion: [3, 1, 2], Costo Actual: 13
Explorando: Persona 3 -> Tarea 0, Costo acumulado: 20
Generacion de estados: Cantidad de estados: 4 - Asignacion: [3, 1, 2, 0], Costo Actual: 20
Encontré una asignación completa: [3, 1, 2, 0]
Costo de la asignación: 20
Explorando: Persona 1 -> Tarea 2, Costo acumulado: 11
Generacion de estados: Cantidad de estados: 2 - Asignacion: [3, 2], Costo Actual: 11
Explorando: Persona 2 -> Tarea 0, Costo acumulado: 16
Generacion de estados: Cantidad de estados: 3 - Asignacion: [3, 2, 0], Costo Actual: 16
Explorando: Persona 3 -> Tarea 1, Costo acumulado: 22
Generacion de estados: Cantidad de estados: 4 - Asignacion: [3, 2, 0, 1], Costo Actual: 22
Encontré una asignación completa: [3, 2, 0, 1]
Costo de la asignación: 22
Explorando: Persona 2 -> Tarea 1, Costo acumulado: 19
Generacion de estados: Cantidad de estados: 3 - Asignacion: [3, 2, 1], Costo Actual: 19
Explorando: Persona 3 -> Tarea 0, Costo acumulado: 26
Generacion de estados: Cantidad de estados: 4 - Asignacion: [3, 2, 1, 0], Costo Actual: 26
Encontré una asignación completa: [3, 2, 1, 0]
Costo de la asignación: 26
Fin de la búsqueda por Profundidad

Resultados de la búsqueda por Profundidad
Mejor asignación: [1, 0, 2, 3]
Mejor costo: 13
Número de iteraciones en búsqueda por Profundidad: 65



Fin del proceso de asignación de tareas 📚
